test_main.obj : error LNK2001: неразрешенный внешний символ "void __cdecl testing::InitGoogleTest(int *,char * *)" (?InitGoogleTest@testing@@YAXPAHPAPAD@Z).
test_main.obj : error LNK2001: неразрешенный внешний символ "public: int __thiscall testing::UnitTest::Run(void)" (?Run@UnitTest@testing@@QAEHXZ).
test_main.obj : error LNK2001: неразрешенный внешний символ "public: static class testing::UnitTest * __cdecl testing::UnitTest::GetInstance(void)" (?GetInstance@UnitTest@testing@@SAPAV12@XZ).
test_tpostfix.obj : error LNK2001: неразрешенный внешний символ "public: void __thiscall testing::internal::AssertHelper::operator=(class testing::Message const &)const " (??4AssertHelper@internal@testing@@QBEXABVMessage@2@@Z).
test_tpostfix.obj : error LNK2001: неразрешенный внешний символ "public: __thiscall testing::internal::AssertHelper::~AssertHelper(void)" (??1AssertHelper@internal@testing@@QAE@XZ).
test_tpostfix.obj : error LNK2001: неразрешенный внешний символ "public: __thiscall testing::internal::AssertHelper::AssertHelper(enum testing::TestPartResult::Type,char const *,int,char const *)" (??0AssertHelper@internal@testing@@QAE@W4Type@TestPartResult@2@PBDH1@Z).
test_tpostfix.obj : error LNK2001: неразрешенный внешний символ "void __cdecl testing::internal::PrintStringTo(class std::basic_string<char,struct std::char_traits<char>,class std::allocator<char> > const &,class std::basic_ostream<char,struct std::char_traits<char> > *)" (?PrintStringTo@internal@testing@@YAXABV?$basic_string@DU?$char_traits@D@std@@V?$allocator@D@2@@std@@PAV?$basic_ostream@DU?$char_traits@D@std@@@4@@Z).
test_tpostfix.obj : error LNK2001: неразрешенный внешний символ "class testing::TestInfo * __cdecl testing::internal::MakeAndRegisterTestInfo(char const *,char const *,char const *,char const *,void const *,void (__cdecl*)(void),void (__cdecl*)(void),class testing::internal::TestFactoryBase *)" (?MakeAndRegisterTestInfo@internal@testing@@YAPAVTestInfo@2@PBD000PBXP6AXXZ2PAVTestFactoryBase@12@@Z).
test_tpostfix.obj : error LNK2001: неразрешенный внешний символ "void const * __cdecl testing::internal::GetTestTypeId(void)" (?GetTestTypeId@internal@testing@@YAPBXXZ).
test_tpostfix.obj : error LNK2001: неразрешенный внешний символ "bool __cdecl testing::internal::AlwaysTrue(void)" (?AlwaysTrue@internal@testing@@YA_NXZ).
test_tpostfix.obj : error LNK2001: неразрешенный внешний символ "class testing::AssertionResult __cdecl testing::internal::EqFailure(char const *,char const *,class std::basic_string<char,struct std::char_traits<char>,class std::allocator<char> > const &,class std::basic_string<char,struct std::char_traits<char>,class std::allocator<char> > const &,bool)" (?EqFailure@internal@testing@@YA?AVAssertionResult@2@PBD0ABV?$basic_string@DU?$char_traits@D@std@@V?$allocator@D@2@@std@@1_N@Z).
test_tpostfix.obj : error LNK2001: неразрешенный внешний символ "bool __cdecl testing::internal::IsTrue(bool)" (?IsTrue@internal@testing@@YA_N_N@Z).
test_tpostfix.obj : error LNK2001: неразрешенный внешний символ "class testing::AssertionResult __cdecl testing::AssertionSuccess(void)" (?AssertionSuccess@testing@@YA?AVAssertionResult@1@XZ).
test_tpostfix.obj : error LNK2001: неразрешенный внешний символ "public: __thiscall testing::Message::Message(void)" (??0Message@testing@@QAE@XZ).
test_tpostfix.obj : error LNK2001: неразрешенный внешний символ "protected: virtual void __thiscall testing::Test::TearDown(void)" (?TearDown@Test@testing@@MAEXXZ).
test_tpostfix.obj : error LNK2001: неразрешенный внешний символ "protected: virtual void __thiscall testing::Test::SetUp(void)" (?SetUp@Test@testing@@MAEXXZ).
test_tpostfix.obj : error LNK2001: неразрешенный внешний символ "protected: __thiscall testing::Test::Test(void)" (??0Test@testing@@IAE@XZ).
test_tpostfix.obj : error LNK2001: неразрешенный внешний символ "public: virtual __thiscall testing::Test::~Test(void)" (??1Test@testing@@UAE@XZ).
test_tstack.obj : error LNK2001: неразрешенный внешний символ "class testing::AssertionResult __cdecl testing::AssertionFailure(void)" (?AssertionFailure@testing@@YA?AVAssertionResult@1@XZ).
test_tstack.obj : error LNK2001: неразрешенный внешний символ "public: class std::basic_string<char,struct std::char_traits<char>,class std::allocator<char> > __thiscall testing::Message::GetString(void)const " (?GetString@Message@testing@@QBE?AV?$basic_string@DU?$char_traits@D@std@@V?$allocator@D@2@@std@@XZ).
test_tstack.obj : error LNK2001: неразрешенный внешний символ "public: __thiscall testing::AssertionResult::AssertionResult(class testing::AssertionResult const &)" (??0AssertionResult@testing@@QAE@ABV01@@Z).
C:\Users\Андрей\mp2-lab3-postfix\Сысоев\Release\base_test.exe : fatal error LNK1120: неразрешенных внешних элементов: 21
